Connecté au serveur.
received : {"input":"Votre choix: ","options":{"1. ":"Se connecter","2. ":"Créer un compte","3. ":"Quitter"},"title":"Bienvenue dans Tetris Royal !"}
received : {"input":"","options":{"Veuillez insérer votre pseudo":":"},"title":"Connexion au compte - Etape 1"}
received : {"input":"","options":{"Veuillez insérer votre mot de passe":":"},"title":"Connexion au compte  - Etape 2"}
received : {"input":"Votre choix: ","options":{"1. ":"Jouer","2. ":"Amis","3. ":"Classement","4. ":"Chat","5. ":"Retour"},"title":"Menu principal"}
received : {"input":"Votre choix: ","options":{"1. ":"Ajouter un ami","2. ":"liste des amis","3. ":"liste des demandes d'amis","4. ":"Retour"},"title":"Gestion des amis"}
received : {"input":"","options":["1. momo","2. mohamed04","3. isma55","4. momo04"],"title":"Liste des demandes d'amis"}
received : {"input":"Votre choix: ","options":{"1. ":"Jouer","2. ":"Amis","3. ":"Classement","4. ":"Chat","5. ":"Retour"},"title":"Menu principal"}
Erreur de parsing JSON CLIENT: [json.exception.parse_error.101] parse error at line 1, column 2: syntax error while parsing value - invalid literal; last read: ' D'
received : {"input":"Tapez 'del.pseudo' pour supprimer un ami ou 'del.all' pour tout supprimer.","options":["1. momo"],"title":"Liste de vos amis"}
received : {"input":"Votre choix: ","options":{"":"pour retourner au menu principal appyer sur q","2. ":"Annuler"},"title":"⚠️ Erreur : Format invalide. Utilisez 'del.pseudo' ou 'del.all'."}
received : {"input":"Votre choix: ","options":{"1. ":"Jouer","2. ":"Amis","3. ":"Classement","4. ":"Chat","5. ":"Retour"},"title":"Menu principal"}
received : {"input":"Votre choix: ","options":{"1. ":"Jouer","2. ":"Amis","3. ":"Classement","4. ":"Chat","5. ":"Retour"},"title":"Menu principal"}
received : {"input":"Votre choix: ","options":{"1. ":"Ajouter un ami","2. ":"liste des amis","3. ":"liste des demandes d'amis","4. ":"Retour"},"title":"Gestion des amis"}
received : {"input":"Tapez 'del.pseudo' pour supprimer un ami ou 'del.all' pour tout supprimer.","options":["1. momo"],"title":"Liste de vos amis"}
received : {"input":"Votre choix: ","options":{"1. ":"Jouer","2. ":"Amis","3. ":"Classement","4. ":"Chat","5. ":"Retour"},"title":"Menu principal"}
received : {"input":"Votre choix: ","options":{"1. ":"Ajouter un ami","2. ":"liste des amis","3. ":"liste des demandes d'amis","4. ":"Retour"},"title":"Gestion des amis"}
received : {"input":"Tapez 'del.pseudo' pour supprimer un ami ou 'del.all' pour tout supprimer.","options":["1. momo"],"title":"Liste de vos amis"}
received : {"input":"Votre choix: ","options":{"":"pour retourner au menu principal appyer sur q","2. ":"Annuler"},"title":"momo' a été supprimé de votre liste d'amis."}
received : {"input":"Votre choix: ","options":{"1. ":"Jouer","2. ":"Amis","3. ":"Classement","4. ":"Chat","5. ":"Retour"},"title":"Menu principal"}
received : {"input":"Votre choix: ","options":{"1. ":"Ajouter un ami","2. ":"liste des amis","3. ":"liste des demandes d'amis","4. ":"Retour"},"title":"Gestion des amis"}
received : {"input":"Tapez 'del.pseudo' pour supprimer un ami ou 'del.all' pour tout supprimer.","options":[],"title":"Liste de vos amis"}
received : {"input":"Votre choix: ","options":{"1. ":"Jouer","2. ":"Amis","3. ":"Classement","4. ":"Chat","5. ":"Retour"},"title":"Menu principal"}
received : {"input":"Votre choix: ","options":{"1. ":"Ajouter un ami","2. ":"liste des amis","3. ":"liste des demandes d'amis","4. ":"Retour"},"title":"Gestion des amis"}
received : {"input":"","options":["1. mohamed04","2. isma55","3. momo04"],"title":"Liste des demandes d'amis"}
received : {"input":"Votre choix: ","options":{"":"pour retourner au menu principal appyer sur q","2. ":"Annuler"},"title":"⚠️ Erreur : Aucune demande d'ami en attente de 'isma55'."}
received : {"input":"Votre choix: ","options":{"1. ":"Jouer","2. ":"Amis","3. ":"Classement","4. ":"Chat","5. ":"Retour"},"title":"Menu principal"}
received : {"input":"Votre choix: ","options":{"1. ":"Jouer","2. ":"Amis","3. ":"Classement","4. ":"Chat","5. ":"Retour"},"title":"Menu principal"}
received : {"input":"Votre choix: ","options":{"1. ":"Ajouter un ami","2. ":"liste des amis","3. ":"liste des demandes d'amis","4. ":"Retour"},"title":"Gestion des amis"}
received : {"input":"","options":["1. mohamed04","2. isma55","3. momo04"],"title":"Liste des demandes d'amis"}
received : {"input":"Votre choix: ","options":{"":"pour retourner au menu principal appyer sur q","2. ":"Annuler"},"title":"⚠️ Erreur : Aucune demande d'ami en attente de 'isma55'."}
received : {"input":"Votre choix: ","options":{"1. ":"Jouer","2. ":"Amis","3. ":"Classement","4. ":"Chat","5. ":"Retour"},"title":"Menu principal"}
received : {"input":"Votre choix: ","options":{"1. ":"Ajouter un ami","2. ":"liste des amis","3. ":"liste des demandes d'amis","4. ":"Retour"},"title":"Gestion des amis"}
received : {"input":"","options":["1. mohamed04","2. isma55","3. momo04"],"title":"Liste des demandes d'amis"}
received : {"input":"Votre choix: ","options":{"":"pour retourner au menu principal appyer sur q","2. ":"Annuler"},"title":"⚠️ Erreur : Aucune demande d'ami en attente de 'momo04'."}
received : {"input":"Votre choix: ","options":{"1. ":"Jouer","2. ":"Amis","3. ":"Classement","4. ":"Chat","5. ":"Retour"},"title":"Menu principal"}
